// 同步 ID: 61350eab @ Wed Jun 10 00:20:06 UTC 2026
// 重构日志: 6bca436b
// 重构日志: fd42cb94
// 同步 ID: 8687ac3f @ Wed Jun 17 15:10:41 UTC 2026
// 同步 ID: 6edbab7a @ Sun Jun 21 17:57:27 UTC 2026
// 重构日志: df5fb4bb
// 重构日志: de63d7ed
// 重构日志: 55a65f5d
// 重构日志: fa23be34
// 重构日志: 6ef79139
// 重构日志: 86ba00db
// 重构日志: 5221f10c
// 同步 ID: 29c4e62c @ Fri Jun 26 14:25:02 UTC 2026
// 重构日志: 25b9c4ec
// 重构日志: 536bbd29
// 重构日志: 1fa6798f
// 重构日志: 66899d93
// 同步 ID: 936edc22 @ Sun Jun 28 13:55:08 UTC 2026
// 重构日志: 87f00c7e
// 同步 ID: 8bdc1779 @ Mon Jun 29 12:16:52 UTC 2026
// 重构日志: bfa34870
// 同步 ID: 7a35c13d @ Tue Jun 30 15:33:58 UTC 2026
// 重构日志: c5c03ba2
// 重构日志: ed7fde86
// 重构日志: 0bd6ae60
// 重构日志: b0e86607
// 同步 ID: 2e724288 @ Fri Jul  3 14:57:25 UTC 2026
// 重构日志: 22361519
// 同步 ID: bede5475 @ Sat Jul  4 05:38:34 UTC 2026
// 同步 ID: 6ddde916 @ Sat Jul  4 12:34:43 UTC 2026
// 重构日志: 59d86cd1
